2013-05-28 14:09:30,041 INFO  CableCo.AccountsService.Bus.UnitOfWorkManager - Creating unit of work
2013-05-28 14:09:30,149 INFO  CableCo.AccountsService.Bus.UnitOfWork - Starting unit of work
2013-05-28 14:10:10,902 INFO  CableCo.AccountsService.Bus.UnitOfWorkManager - Creating unit of work
2013-05-28 14:10:10,903 INFO  CableCo.AccountsService.Bus.UnitOfWork - Starting unit of work
2013-05-28 14:10:23,223 INFO  CableCo.AccountsService.Bus.UnitOfWork - Aborting unit of work
2013-05-28 14:10:23,232 INFO  CableCo.AccountsService.Bus.UnitOfWork - Disposing unit of work
2013-05-28 14:10:23,307 INFO  CableCo.AccountsService.Bus.UnitOfWorkManager - Creating unit of work
2013-05-28 14:10:23,309 INFO  CableCo.AccountsService.Bus.UnitOfWork - Starting unit of work
2013-05-28 14:10:27,633 INFO  CableCo.AccountsService.Bus.UnitOfWork - Aborting unit of work
2013-05-28 14:10:27,637 INFO  CableCo.AccountsService.Bus.UnitOfWork - Disposing unit of work
2013-05-28 14:10:27,647 INFO  CableCo.AccountsService.Bus.UnitOfWorkManager - Creating unit of work
2013-05-28 14:10:27,649 INFO  CableCo.AccountsService.Bus.UnitOfWork - Starting unit of work
2013-05-28 14:10:31,416 INFO  CableCo.AccountsService.Bus.UnitOfWork - Aborting unit of work
2013-05-28 14:10:31,422 INFO  CableCo.AccountsService.Bus.UnitOfWork - Disposing unit of work
2013-05-28 14:10:31,431 INFO  CableCo.AccountsService.Bus.UnitOfWorkManager - Creating unit of work
2013-05-28 14:10:31,433 INFO  CableCo.AccountsService.Bus.UnitOfWork - Starting unit of work
2013-05-28 14:10:33,461 INFO  CableCo.AccountsService.Bus.UnitOfWork - Aborting unit of work
2013-05-28 14:10:33,467 INFO  CableCo.AccountsService.Bus.UnitOfWork - Disposing unit of work
2013-05-28 14:10:33,773 INFO  CableCo.AccountsService.Bus.UnitOfWorkManager - Creating unit of work
2013-05-28 14:10:33,773 INFO  CableCo.AccountsService.Bus.UnitOfWork - Starting unit of work
2013-05-28 14:10:34,737 INFO  CableCo.AccountsService.Bus.UnitOfWork - Aborting unit of work
2013-05-28 14:10:34,742 INFO  CableCo.AccountsService.Bus.UnitOfWork - Disposing unit of work
2013-05-28 14:10:34,755 INFO  CableCo.AccountsService.Bus.UnitOfWorkManager - Creating unit of work
2013-05-28 14:10:34,756 INFO  CableCo.AccountsService.Bus.UnitOfWork - Starting unit of work
2013-05-28 14:10:35,521 INFO  CableCo.AccountsService.Bus.UnitOfWork - Aborting unit of work
2013-05-28 14:10:35,527 INFO  CableCo.AccountsService.Bus.UnitOfWork - Disposing unit of work
2013-05-28 14:10:35,537 INFO  CableCo.AccountsService.Bus.UnitOfWorkManager - Creating unit of work
2013-05-28 14:10:35,538 INFO  CableCo.AccountsService.Bus.UnitOfWork - Starting unit of work
2013-05-28 14:10:36,252 INFO  CableCo.AccountsService.Bus.UnitOfWork - Aborting unit of work
2013-05-28 14:10:36,257 INFO  CableCo.AccountsService.Bus.UnitOfWork - Disposing unit of work
2013-05-28 14:10:36,269 INFO  CableCo.AccountsService.Bus.UnitOfWorkManager - Creating unit of work
2013-05-28 14:10:36,269 INFO  CableCo.AccountsService.Bus.UnitOfWork - Starting unit of work
2013-05-28 14:10:37,073 INFO  CableCo.AccountsService.Bus.UnitOfWork - Aborting unit of work
2013-05-28 14:10:37,138 INFO  CableCo.AccountsService.Bus.UnitOfWork - Disposing unit of work
2013-05-28 14:10:37,195 INFO  CableCo.AccountsService.Bus.UnitOfWorkManager - Creating unit of work
2013-05-28 14:10:37,195 INFO  CableCo.AccountsService.Bus.UnitOfWork - Starting unit of work
2013-05-28 14:10:38,022 INFO  CableCo.AccountsService.Bus.UnitOfWork - Aborting unit of work
2013-05-28 14:10:38,025 INFO  CableCo.AccountsService.Bus.UnitOfWork - Disposing unit of work
2013-05-28 14:10:38,168 INFO  CableCo.AccountsService.Bus.UnitOfWorkManager - Creating unit of work
2013-05-28 14:10:38,169 INFO  CableCo.AccountsService.Bus.UnitOfWork - Starting unit of work
2013-05-28 14:10:38,194 INFO  CableCo.AccountsService.Bus.UnitOfWork - Committing unit of work
2013-05-28 14:10:38,197 INFO  CableCo.AccountsService.Bus.UnitOfWork - Disposing unit of work
2013-05-28 14:10:38,209 INFO  CableCo.AccountsService.Bus.UnitOfWorkManager - Creating unit of work
2013-05-28 14:10:38,209 INFO  CableCo.AccountsService.Bus.UnitOfWork - Starting unit of work
2013-05-28 14:10:38,212 INFO  CableCo.AccountsService.Bus.UnitOfWork - Committing unit of work
2013-05-28 14:10:38,212 INFO  CableCo.AccountsService.Bus.UnitOfWork - Disposing unit of work
2013-05-28 14:11:21,974 INFO  CableCo.AccountsService.Bus.UnitOfWorkManager - Creating unit of work
2013-05-28 14:11:21,975 INFO  CableCo.AccountsService.Bus.UnitOfWork - Starting unit of work
2013-05-28 14:11:21,984 INFO  CableCo.AccountsService.Handlers.ChangeSubscriptionsHandler - Handling ChangeSubscriptions: SWC000001
2013-05-28 14:11:24,318 INFO  CableCo.AccountsService.Bus.UnitOfWork - Committing unit of work
2013-05-28 14:11:24,424 INFO  CableCo.AccountsService.Bus.UnitOfWork - Disposing unit of work
2013-05-28 14:11:36,663 INFO  CableCo.AccountsService.Bus.UnitOfWorkManager - Creating unit of work
2013-05-28 14:11:36,664 INFO  CableCo.AccountsService.Bus.UnitOfWork - Starting unit of work
2013-05-28 14:12:01,723 INFO  CableCo.AccountsService.Bus.UnitOfWork - Aborting unit of work
2013-05-28 14:12:01,779 INFO  CableCo.AccountsService.Bus.UnitOfWork - Disposing unit of work
2013-05-28 14:12:01,894 INFO  CableCo.AccountsService.Bus.UnitOfWorkManager - Creating unit of work
2013-05-28 14:12:01,894 INFO  CableCo.AccountsService.Bus.UnitOfWork - Starting unit of work
2013-05-28 14:13:37,018 INFO  CableCo.AccountsService.Bus.UnitOfWorkManager - Creating unit of work
2013-05-28 14:13:37,033 INFO  CableCo.AccountsService.Bus.UnitOfWork - Starting unit of work
2013-05-28 14:13:38,571 INFO  CableCo.AccountsService.Bus.UnitOfWork - Committing unit of work
2013-05-28 14:13:38,579 INFO  CableCo.AccountsService.Bus.UnitOfWork - Disposing unit of work
2013-05-28 14:13:38,595 INFO  CableCo.AccountsService.Bus.UnitOfWorkManager - Creating unit of work
2013-05-28 14:13:38,596 INFO  CableCo.AccountsService.Bus.UnitOfWork - Starting unit of work
2013-05-28 14:13:38,599 INFO  CableCo.AccountsService.Bus.UnitOfWork - Committing unit of work
2013-05-28 14:13:38,599 INFO  CableCo.AccountsService.Bus.UnitOfWork - Disposing unit of work
2013-05-28 14:16:22,511 INFO  CableCo.AccountsService.Bus.UnitOfWorkManager - Creating unit of work
2013-05-28 14:16:22,527 INFO  CableCo.AccountsService.Bus.UnitOfWork - Starting unit of work
2013-05-28 14:16:24,602 INFO  CableCo.AccountsService.Bus.UnitOfWork - Committing unit of work
2013-05-28 14:16:24,610 INFO  CableCo.AccountsService.Bus.UnitOfWork - Disposing unit of work
2013-05-28 14:16:24,633 INFO  CableCo.AccountsService.Bus.UnitOfWorkManager - Creating unit of work
2013-05-28 14:16:24,634 INFO  CableCo.AccountsService.Bus.UnitOfWork - Starting unit of work
2013-05-28 14:16:24,636 INFO  CableCo.AccountsService.Bus.UnitOfWork - Committing unit of work
2013-05-28 14:16:24,637 INFO  CableCo.AccountsService.Bus.UnitOfWork - Disposing unit of work
2013-05-28 14:17:06,653 INFO  CableCo.AccountsService.Bus.UnitOfWorkManager - Creating unit of work
2013-05-28 14:17:06,669 INFO  CableCo.AccountsService.Bus.UnitOfWork - Starting unit of work
2013-05-28 14:17:08,166 INFO  CableCo.AccountsService.Bus.UnitOfWork - Committing unit of work
2013-05-28 14:17:08,174 INFO  CableCo.AccountsService.Bus.UnitOfWork - Disposing unit of work
2013-05-28 14:17:08,188 INFO  CableCo.AccountsService.Bus.UnitOfWorkManager - Creating unit of work
2013-05-28 14:17:08,189 INFO  CableCo.AccountsService.Bus.UnitOfWork - Starting unit of work
2013-05-28 14:17:08,192 INFO  CableCo.AccountsService.Bus.UnitOfWork - Committing unit of work
2013-05-28 14:17:08,193 INFO  CableCo.AccountsService.Bus.UnitOfWork - Disposing unit of work
2013-05-28 14:20:30,064 INFO  CableCo.AccountsService.Bus.UnitOfWorkManager - Creating unit of work
2013-05-28 14:20:30,080 INFO  CableCo.AccountsService.Bus.UnitOfWork - Starting unit of work
2013-05-28 14:20:31,798 INFO  CableCo.AccountsService.Bus.UnitOfWork - Committing unit of work
2013-05-28 14:20:31,807 INFO  CableCo.AccountsService.Bus.UnitOfWork - Disposing unit of work
2013-05-28 14:20:31,871 INFO  CableCo.AccountsService.Bus.UnitOfWorkManager - Creating unit of work
2013-05-28 14:20:31,871 INFO  CableCo.AccountsService.Bus.UnitOfWork - Starting unit of work
2013-05-28 14:20:31,873 INFO  CableCo.AccountsService.Bus.UnitOfWork - Committing unit of work
2013-05-28 14:20:31,875 INFO  CableCo.AccountsService.Bus.UnitOfWork - Disposing unit of work
2013-05-28 14:21:26,625 INFO  CableCo.AccountsService.Bus.UnitOfWorkManager - Creating unit of work
2013-05-28 14:21:26,626 INFO  CableCo.AccountsService.Bus.UnitOfWork - Starting unit of work
2013-05-28 14:21:26,657 INFO  CableCo.AccountsService.Handlers.ChangeSubscriptionsHandler - Handling ChangeSubscriptions: SWC000001
2013-05-28 14:21:29,712 INFO  CableCo.AccountsService.Bus.UnitOfWork - Committing unit of work
2013-05-28 14:21:29,813 INFO  CableCo.AccountsService.Bus.UnitOfWork - Disposing unit of work
2013-05-28 14:21:34,031 INFO  CableCo.AccountsService.Bus.UnitOfWorkManager - Creating unit of work
2013-05-28 14:21:34,032 INFO  CableCo.AccountsService.Bus.UnitOfWork - Starting unit of work
2013-05-28 14:21:45,099 INFO  CableCo.AccountsService.Bus.UnitOfWork - Aborting unit of work
2013-05-28 14:21:45,103 INFO  CableCo.AccountsService.Bus.UnitOfWork - Disposing unit of work
2013-05-28 14:21:45,121 INFO  CableCo.AccountsService.Bus.UnitOfWorkManager - Creating unit of work
2013-05-28 14:21:45,122 INFO  CableCo.AccountsService.Bus.UnitOfWork - Starting unit of work
2013-05-28 14:21:47,488 INFO  CableCo.AccountsService.Bus.UnitOfWork - Aborting unit of work
2013-05-28 14:21:47,495 INFO  CableCo.AccountsService.Bus.UnitOfWork - Disposing unit of work
2013-05-28 14:21:47,505 INFO  CableCo.AccountsService.Bus.UnitOfWorkManager - Creating unit of work
2013-05-28 14:21:47,506 INFO  CableCo.AccountsService.Bus.UnitOfWork - Starting unit of work
2013-05-28 14:21:48,302 INFO  CableCo.AccountsService.Bus.UnitOfWork - Aborting unit of work
2013-05-28 14:21:48,308 INFO  CableCo.AccountsService.Bus.UnitOfWork - Disposing unit of work
2013-05-28 14:21:48,319 INFO  CableCo.AccountsService.Bus.UnitOfWorkManager - Creating unit of work
2013-05-28 14:21:48,320 INFO  CableCo.AccountsService.Bus.UnitOfWork - Starting unit of work
2013-05-28 14:21:49,084 INFO  CableCo.AccountsService.Bus.UnitOfWork - Aborting unit of work
2013-05-28 14:21:49,088 INFO  CableCo.AccountsService.Bus.UnitOfWork - Disposing unit of work
2013-05-28 14:21:49,098 INFO  CableCo.AccountsService.Bus.UnitOfWorkManager - Creating unit of work
2013-05-28 14:21:49,098 INFO  CableCo.AccountsService.Bus.UnitOfWork - Starting unit of work
2013-05-28 14:21:49,880 INFO  CableCo.AccountsService.Bus.UnitOfWork - Aborting unit of work
2013-05-28 14:21:49,885 INFO  CableCo.AccountsService.Bus.UnitOfWork - Disposing unit of work
2013-05-28 14:21:50,102 INFO  CableCo.AccountsService.Bus.UnitOfWorkManager - Creating unit of work
2013-05-28 14:21:50,103 INFO  CableCo.AccountsService.Bus.UnitOfWork - Starting unit of work
2013-05-28 14:21:51,135 INFO  CableCo.AccountsService.Bus.UnitOfWork - Aborting unit of work
2013-05-28 14:21:51,140 INFO  CableCo.AccountsService.Bus.UnitOfWork - Disposing unit of work
2013-05-28 14:21:51,151 INFO  CableCo.AccountsService.Bus.UnitOfWorkManager - Creating unit of work
2013-05-28 14:21:51,151 INFO  CableCo.AccountsService.Bus.UnitOfWork - Starting unit of work
2013-05-28 14:21:51,966 INFO  CableCo.AccountsService.Bus.UnitOfWork - Aborting unit of work
2013-05-28 14:21:51,975 INFO  CableCo.AccountsService.Bus.UnitOfWork - Disposing unit of work
2013-05-28 14:21:52,002 INFO  CableCo.AccountsService.Bus.UnitOfWorkManager - Creating unit of work
2013-05-28 14:21:52,002 INFO  CableCo.AccountsService.Bus.UnitOfWork - Starting unit of work
2013-05-28 14:21:52,853 INFO  CableCo.AccountsService.Bus.UnitOfWork - Aborting unit of work
2013-05-28 14:21:52,857 INFO  CableCo.AccountsService.Bus.UnitOfWork - Disposing unit of work
2013-05-28 14:21:52,865 INFO  CableCo.AccountsService.Bus.UnitOfWorkManager - Creating unit of work
2013-05-28 14:21:52,865 INFO  CableCo.AccountsService.Bus.UnitOfWork - Starting unit of work
2013-05-28 14:21:53,680 INFO  CableCo.AccountsService.Bus.UnitOfWork - Aborting unit of work
2013-05-28 14:21:53,683 INFO  CableCo.AccountsService.Bus.UnitOfWork - Disposing unit of work
2013-05-28 14:21:53,690 INFO  CableCo.AccountsService.Bus.UnitOfWorkManager - Creating unit of work
2013-05-28 14:21:53,691 INFO  CableCo.AccountsService.Bus.UnitOfWork - Starting unit of work
2013-05-28 14:21:54,476 INFO  CableCo.AccountsService.Bus.UnitOfWork - Aborting unit of work
2013-05-28 14:21:54,479 INFO  CableCo.AccountsService.Bus.UnitOfWork - Disposing unit of work
2013-05-28 14:27:31,101 INFO  CableCo.AccountsService.Bus.UnitOfWorkManager - Creating unit of work
2013-05-28 14:27:31,116 INFO  CableCo.AccountsService.Bus.UnitOfWork - Starting unit of work
2013-05-28 14:27:45,860 INFO  CableCo.AccountsService.Bus.UnitOfWorkManager - Creating unit of work
2013-05-28 14:27:45,867 INFO  CableCo.AccountsService.Bus.UnitOfWork - Starting unit of work
2013-05-28 14:27:46,629 INFO  CableCo.AccountsService.Bus.UnitOfWork - Committing unit of work
2013-05-28 14:27:46,640 INFO  CableCo.AccountsService.Bus.UnitOfWork - Disposing unit of work
2013-05-28 14:27:46,664 INFO  CableCo.AccountsService.Bus.UnitOfWorkManager - Creating unit of work
2013-05-28 14:27:46,665 INFO  CableCo.AccountsService.Bus.UnitOfWork - Starting unit of work
2013-05-28 14:27:46,668 INFO  CableCo.AccountsService.Bus.UnitOfWork - Committing unit of work
2013-05-28 14:27:46,669 INFO  CableCo.AccountsService.Bus.UnitOfWork - Disposing unit of work
2013-05-28 14:32:05,518 INFO  CableCo.AccountsService.Bus.UnitOfWorkManager - Creating unit of work
2013-05-28 14:32:05,533 INFO  CableCo.AccountsService.Bus.UnitOfWork - Starting unit of work
2013-05-28 14:32:07,246 INFO  CableCo.AccountsService.Bus.UnitOfWork - Committing unit of work
2013-05-28 14:32:07,254 INFO  CableCo.AccountsService.Bus.UnitOfWork - Disposing unit of work
2013-05-28 14:32:07,271 INFO  CableCo.AccountsService.Bus.UnitOfWorkManager - Creating unit of work
2013-05-28 14:32:07,272 INFO  CableCo.AccountsService.Bus.UnitOfWork - Starting unit of work
2013-05-28 14:32:07,274 INFO  CableCo.AccountsService.Bus.UnitOfWork - Committing unit of work
2013-05-28 14:32:07,275 INFO  CableCo.AccountsService.Bus.UnitOfWork - Disposing unit of work
2013-05-28 14:32:22,008 INFO  CableCo.AccountsService.Bus.UnitOfWorkManager - Creating unit of work
2013-05-28 14:32:22,025 INFO  CableCo.AccountsService.Bus.UnitOfWork - Starting unit of work
2013-05-28 14:32:22,043 INFO  CableCo.AccountsService.Handlers.ChangeSubscriptionsHandler - Handling ChangeSubscriptions: SWC000001
2013-05-28 14:32:25,143 INFO  CableCo.AccountsService.Bus.UnitOfWork - Committing unit of work
2013-05-28 14:32:25,286 INFO  CableCo.AccountsService.Bus.UnitOfWork - Disposing unit of work
2013-05-28 14:32:29,680 INFO  CableCo.AccountsService.Bus.UnitOfWorkManager - Creating unit of work
2013-05-28 14:32:29,680 INFO  CableCo.AccountsService.Bus.UnitOfWork - Starting unit of work
2013-05-28 14:32:29,687 INFO  CableCo.AccountsService.Bus.UnitOfWork - Committing unit of work
2013-05-28 14:32:29,688 INFO  CableCo.AccountsService.Bus.UnitOfWork - Disposing unit of work
2013-05-28 14:32:29,696 INFO  CableCo.AccountsService.Bus.UnitOfWorkManager - Creating unit of work
2013-05-28 14:32:29,696 INFO  CableCo.AccountsService.Bus.UnitOfWork - Starting unit of work
2013-05-28 14:32:29,700 INFO  CableCo.AccountsService.Bus.UnitOfWork - Committing unit of work
2013-05-28 14:32:29,700 INFO  CableCo.AccountsService.Bus.UnitOfWork - Disposing unit of work
2013-05-28 14:34:13,873 INFO  CableCo.AccountsService.Bus.UnitOfWorkManager - Creating unit of work
2013-05-28 14:34:13,874 INFO  CableCo.AccountsService.Bus.UnitOfWork - Starting unit of work
2013-05-28 14:34:13,884 INFO  CableCo.AccountsService.Handlers.ChangeSubscriptionsHandler - Handling ChangeSubscriptions: SWC000001
2013-05-28 14:34:15,927 INFO  CableCo.AccountsService.Bus.UnitOfWork - Committing unit of work
2013-05-28 14:34:15,930 INFO  CableCo.AccountsService.Bus.UnitOfWork - Disposing unit of work
2013-05-28 14:34:22,039 INFO  CableCo.AccountsService.Bus.UnitOfWorkManager - Creating unit of work
2013-05-28 14:34:22,041 INFO  CableCo.AccountsService.Bus.UnitOfWork - Starting unit of work
2013-05-28 14:35:06,501 INFO  CableCo.AccountsService.Bus.UnitOfWork - Committing unit of work
2013-05-28 14:35:06,509 INFO  CableCo.AccountsService.Bus.UnitOfWork - Disposing unit of work
2013-05-28 14:35:06,525 INFO  CableCo.AccountsService.Bus.UnitOfWorkManager - Creating unit of work
2013-05-28 14:35:06,531 INFO  CableCo.AccountsService.Bus.UnitOfWork - Starting unit of work
2013-05-28 14:35:08,817 INFO  CableCo.AccountsService.Bus.UnitOfWork - Committing unit of work
2013-05-28 14:35:08,828 INFO  CableCo.AccountsService.Bus.UnitOfWork - Disposing unit of work
2013-05-28 14:35:08,863 INFO  CableCo.AccountsService.Bus.UnitOfWorkManager - Creating unit of work
2013-05-28 14:35:08,864 INFO  CableCo.AccountsService.Bus.UnitOfWork - Starting unit of work
2013-05-28 14:35:10,147 INFO  CableCo.AccountsService.Bus.UnitOfWork - Committing unit of work
2013-05-28 14:35:10,149 INFO  CableCo.AccountsService.Bus.UnitOfWork - Disposing unit of work
2013-05-28 14:35:57,522 INFO  CableCo.AccountsService.Bus.UnitOfWorkManager - Creating unit of work
2013-05-28 14:35:57,540 INFO  CableCo.AccountsService.Bus.UnitOfWork - Starting unit of work
2013-05-28 14:36:04,068 INFO  CableCo.AccountsService.Bus.UnitOfWorkManager - Creating unit of work
2013-05-28 14:36:04,069 INFO  CableCo.AccountsService.Bus.UnitOfWork - Starting unit of work
2013-05-28 14:36:36,004 INFO  CableCo.AccountsService.Bus.UnitOfWorkManager - Creating unit of work
2013-05-28 14:36:36,022 INFO  CableCo.AccountsService.Bus.UnitOfWork - Starting unit of work
2013-05-28 14:36:46,535 INFO  CableCo.AccountsService.Bus.UnitOfWorkManager - Creating unit of work
2013-05-28 14:36:46,536 INFO  CableCo.AccountsService.Bus.UnitOfWork - Starting unit of work
2013-05-28 14:36:47,360 INFO  CableCo.AccountsService.Bus.UnitOfWork - Committing unit of work
2013-05-28 14:36:47,436 INFO  CableCo.AccountsService.Bus.UnitOfWork - Disposing unit of work
2013-05-28 14:36:47,619 INFO  CableCo.AccountsService.Bus.UnitOfWorkManager - Creating unit of work
2013-05-28 14:36:47,620 INFO  CableCo.AccountsService.Bus.UnitOfWork - Starting unit of work
2013-05-28 14:36:47,720 INFO  CableCo.AccountsService.Bus.UnitOfWork - Committing unit of work
2013-05-28 14:36:47,722 INFO  CableCo.AccountsService.Bus.UnitOfWork - Disposing unit of work
2013-05-28 14:36:47,770 INFO  CableCo.AccountsService.Bus.UnitOfWorkManager - Creating unit of work
2013-05-28 14:36:47,771 INFO  CableCo.AccountsService.Bus.UnitOfWork - Starting unit of work
2013-05-28 14:36:47,785 INFO  CableCo.AccountsService.Bus.UnitOfWork - Committing unit of work
2013-05-28 14:36:47,788 INFO  CableCo.AccountsService.Bus.UnitOfWork - Disposing unit of work
2013-05-28 14:36:47,924 INFO  CableCo.AccountsService.Bus.UnitOfWorkManager - Creating unit of work
2013-05-28 14:36:47,925 INFO  CableCo.AccountsService.Bus.UnitOfWork - Starting unit of work
2013-05-28 14:36:47,928 INFO  CableCo.AccountsService.Bus.UnitOfWork - Committing unit of work
2013-05-28 14:36:47,930 INFO  CableCo.AccountsService.Bus.UnitOfWork - Disposing unit of work
2013-05-28 14:37:08,725 INFO  CableCo.AccountsService.Bus.UnitOfWorkManager - Creating unit of work
2013-05-28 14:37:08,727 INFO  CableCo.AccountsService.Bus.UnitOfWork - Starting unit of work
2013-05-28 14:37:08,771 INFO  CableCo.AccountsService.Handlers.ChangeSubscriptionsHandler - Handling ChangeSubscriptions: SWC000001
2013-05-28 14:37:11,748 INFO  CableCo.AccountsService.Bus.UnitOfWork - Committing unit of work
2013-05-28 14:37:11,857 INFO  CableCo.AccountsService.Bus.UnitOfWork - Disposing unit of work
2013-05-28 14:37:16,614 INFO  CableCo.AccountsService.Bus.UnitOfWorkManager - Creating unit of work
2013-05-28 14:37:16,615 INFO  CableCo.AccountsService.Bus.UnitOfWork - Starting unit of work
2013-05-28 14:37:19,791 INFO  CableCo.AccountsService.Bus.UnitOfWork - Committing unit of work
2013-05-28 14:37:19,798 INFO  CableCo.AccountsService.Bus.UnitOfWork - Disposing unit of work
2013-05-28 14:37:19,821 INFO  CableCo.AccountsService.Bus.UnitOfWorkManager - Creating unit of work
2013-05-28 14:37:19,822 INFO  CableCo.AccountsService.Bus.UnitOfWork - Starting unit of work
2013-05-28 14:37:20,559 INFO  CableCo.AccountsService.Bus.UnitOfWork - Committing unit of work
2013-05-28 14:37:20,560 INFO  CableCo.AccountsService.Bus.UnitOfWork - Disposing unit of work
